Epoch: 0, loss: 509.1983835814656, auc: 0.5577134100277876, F1: 0.47830718527258015, AP: 0.24218977830273292
[[31578 37221]
 [ 6639 12685]]
Epoch: 1, loss: 14.241693375680757, auc: 0.644946413669002, F1: 0.6541966541271618, AP: 0.3314736366369305
[[60820  7979]
 [11481  7843]]
Epoch: 2, loss: 0.6370191223379494, auc: 0.6575521267363763, F1: 0.6853454034277666, AP: 0.39424351107789934
[[66008  2791]
 [12451  6873]]
Epoch: 3, loss: 0.5560595850149791, auc: 0.660494100967353, F1: 0.6859920439325702, AP: 0.38784502969211826
[[65302  3497]
 [12139  7185]]
Epoch: 4, loss: 0.5549265804498092, auc: 0.6603821535070968, F1: 0.684115866423398, AP: 0.3817100887876317
[[64838  3961]
 [12013  7311]]
Epoch: 5, loss: 0.551447800276936, auc: 0.6602796801096076, F1: 0.6867626949831032, AP: 0.39129514502196217
[[65568  3231]
 [12222  7102]]
Epoch: 6, loss: 0.5605370291765185, auc: 0.6604624541903434, F1: 0.6856847301157714, AP: 0.386830123218778
[[65230  3569]
 [12120  7204]]
Epoch: 7, loss: 0.5546864542408266, auc: 0.6611101422050691, F1: 0.6867058747291239, AP: 0.38881201165805157
[[65312  3487]
 [12118  7206]]
Epoch: 8, loss: 0.5526542521041372, auc: 0.6627576208313865, F1: 0.6831831834407975, AP: 0.37467132526547076
[[63933  4866]
 [11667  7657]]
Epoch: 9, loss: 0.5444600392079008, auc: 0.6677884722700219, F1: 0.6874359153813955, AP: 0.3785992105644228
[[63696  5103]
 [11406  7918]]
Epoch: 10, loss: 0.7365685002527376, auc: 0.6606962620697062, F1: 0.6817778786957209, AP: 0.37410282557333674
[[64130  4669]
 [11802  7522]]
Epoch: 11, loss: 0.541392373520395, auc: 0.6707594121381775, F1: 0.6883059348528768, AP: 0.37724962967090725
[[63172  5627]
 [11144  8180]]
Epoch: 12, loss: 0.5366254373737004, auc: 0.6772940351391082, F1: 0.6906183061980531, AP: 0.3767688129289205
[[62202  6597]
 [10619  8705]]
Epoch: 13, loss: 0.5332000080226125, auc: 0.680659589221728, F1: 0.6907963459338641, AP: 0.3753563575771981
[[61508  7291]
 [10294  9030]]
Epoch: 14, loss: 0.5449631714302561, auc: 0.6773652758337854, F1: 0.6863708132536772, AP: 0.3692920895704458
[[61190  7609]
 [10332  8992]]
Epoch: 15, loss: 0.5540245730807816, auc: 0.6744399469342366, F1: 0.6881482848865945, AP: 0.37388494635154396
[[62265  6534]
 [10747  8577]]
Epoch: 16, loss: 0.5409732985323754, auc: 0.6755516767321221, F1: 0.689246738756056, AP: 0.3752630178562426
[[62272  6527]
 [10706  8618]]
Epoch: 17, loss: 0.5399643694145092, auc: 0.6789668132851875, F1: 0.6904864697835795, AP: 0.3755930451957006
[[61802  6997]
 [10442  8882]]
test set | auc: 0.6641731840558193, F1: 0.6870916463808527, AP: 0.38329060871185927
[[21520  1414]
 [ 3929  2512]]
