Epoch: 0, loss: 242.1844423694887, acc: 0.5370675079150733, auc: 0.5564505721067243
[[35908 32891]
 [ 7904 11420]]
Epoch: 1, loss: 3.117735501475956, acc: 0.7882618612620995, auc: 0.628848658322427
[[62799  6000]
 [12659  6665]]
Epoch: 2, loss: 1.8418847182522649, acc: 0.8284102901626136, auc: 0.6416293675700139
[[67032  1767]
 [13354  5970]]
Epoch: 3, loss: 0.5742934533651324, acc: 0.8295223721389422, auc: 0.6439231832986891
[[67045  1754]
 [13269  6055]]
Epoch: 4, loss: 0.5723846537479456, acc: 0.8300897609023751, auc: 0.6456634796086503
[[67021  1778]
 [13195  6129]]
Epoch: 5, loss: 0.5707777324793996, acc: 0.8299876309249572, auc: 0.6469935976291386
[[66937  1862]
 [13120  6204]]
Epoch: 6, loss: 0.5648960015911987, acc: 0.8301918908797931, auc: 0.6479431220401386
[[66911  1888]
 [13076  6248]]
Epoch: 7, loss: 0.5622416019439698, acc: 0.8305550196883901, auc: 0.6484547887495139
[[66928  1871]
 [13061  6263]]
Epoch: 8, loss: 0.5596760296303293, acc: 0.8303394119582855, auc: 0.649340091042287
[[66854  1945]
 [13006  6318]]
Epoch: 9, loss: 0.5572629150273143, acc: 0.8302032386550616, auc: 0.6517090061407211
[[66710  2089]
 [12874  6450]]
test set | acc: 0.8344510638297873, auc: 0.6549314160950602
[[22353   581]
 [ 4282  2159]]
