Epoch: 0, loss: 521.878924389853, acc: 0.524380695164713, auc: 0.5628761378928184
[[34008 34791]
 [ 7122 12202]]
Epoch: 1, loss: 11.266722538160241, acc: 0.7500312063819888, auc: 0.6332423744328985
[[57878 10921]
 [11107  8217]]
Epoch: 2, loss: 0.7558696877265322, acc: 0.8258570407271655, auc: 0.6567404807591432
[[65907  2892]
 [12454  6870]]
Epoch: 3, loss: 0.5544659802015277, acc: 0.8266740805465088, auc: 0.6589011612909065
[[65891  2908]
 [12366  6958]]
Epoch: 4, loss: 0.5507940560147382, acc: 0.8260499529067327, auc: 0.6607342876954548
[[65716  3083]
 [12246  7078]]
Epoch: 5, loss: 1.4072553384131279, acc: 0.8248470887282549, auc: 0.6621409481399214
[[65493  3306]
 [12129  7195]]
Epoch: 6, loss: 0.6844895459603573, acc: 0.8238598322798816, auc: 0.6633879797845381
[[65305  3494]
 [12028  7296]]
Epoch: 7, loss: 0.5486100190791531, acc: 0.824472612144389, auc: 0.6637059992986267
[[65363  3436]
 [12032  7292]]
Epoch: 8, loss: 0.560350005004717, acc: 0.8231562702132247, auc: 0.6661936190517805
[[65068  3731]
 [11853  7471]]
Epoch: 9, loss: 0.7436014977918155, acc: 0.8220668837874334, auc: 0.6664821061622819
[[64919  3880]
 [11800  7524]]
Epoch: 10, loss: 0.5820954786694568, acc: 0.7480453457099736, auc: 0.6668773093324164
[[55827 12972]
 [ 9231 10093]]
Epoch: 11, loss: 0.800578646901725, acc: 0.7342237554327474, auc: 0.6551785635516519
[[54762 14037]
 [ 9384  9940]]
Epoch: 12, loss: 0.552297163096027, acc: 0.8044097454694007, auc: 0.6622072530400787
[[62985  5814]
 [11422  7902]]
Epoch: 13, loss: 0.54040307627208, acc: 0.8189802889143584, auc: 0.6659938942551953
[[64567  4232]
 [11720  7604]]
Epoch: 14, loss: 0.5430935846722644, acc: 0.8144411788068949, auc: 0.6677758424428679
[[63915  4884]
 [11468  7856]]
Epoch: 15, loss: 0.6117242126361183, acc: 0.803535966773714, auc: 0.6594520243916766
[[63026  5773]
 [11540  7784]]
Epoch: 16, loss: 0.5466845933077992, acc: 0.8226342725508664, auc: 0.6637195054135917
[[65137  3662]
 [11968  7356]]
Epoch: 17, loss: 0.5376126690187316, acc: 0.823178965763762, auc: 0.666394224273158
[[65060  3739]
 [11843  7481]]
Epoch: 18, loss: 0.6053457724011463, acc: 0.8173348615004028, auc: 0.668326576168957
[[64240  4559]
 [11538  7786]]
Epoch: 19, loss: 0.5389779616957125, acc: 0.8122851015058498, auc: 0.668590635910526
[[63607  5192]
 [11350  7974]]
Epoch: 20, loss: 0.5347174660019253, acc: 0.8088921167005209, auc: 0.6755536824157685
[[62817  5982]
 [10859  8465]]
Epoch: 21, loss: 0.5326555637345798, acc: 0.8066339094220578, auc: 0.6796895442562939
[[62318  6481]
 [10559  8765]]
Epoch: 22, loss: 0.5307823383289835, acc: 0.8153490008283876, auc: 0.6767490089425555
[[63544  5255]
 [11017  8307]]
Epoch: 23, loss: 0.5291760591493136, acc: 0.8124553181348797, auc: 0.6785613658216265
[[63092  5707]
 [10820  8504]]
Epoch: 24, loss: 0.5280169581157573, acc: 0.8140326588972232, auc: 0.6786970253291766
[[63278  5521]
 [10867  8457]]
Epoch: 25, loss: 0.5267142298428908, acc: 0.811479409461775, auc: 0.6798900930642928
[[62901  5898]
 [10715  8609]]
Epoch: 26, loss: 0.5256058176358541, acc: 0.8127049691907902, auc: 0.6804144900166357
[[63023  5776]
 [10729  8595]]
Epoch: 27, loss: 0.5244276431159697, acc: 0.8108439340467302, auc: 0.681101920504259
[[62758  6041]
 [10628  8696]]
Epoch: 28, loss: 0.52415747055109, acc: 0.8103446319349091, auc: 0.6818985691728916
[[62654  6145]
 [10568  8756]]
Epoch: 29, loss: 0.5223904834277387, acc: 0.8050679164349829, auc: 0.6849013649236458
[[61846  6953]
 [10225  9099]]
Epoch: 30, loss: 0.5252398330232372, acc: 0.8046820920758485, auc: 0.6812305779832833
[[61996  6803]
 [10409  8915]]
Epoch: 31, loss: 0.5279846067877784, acc: 0.8116042349897302, auc: 0.6779976927469807
[[63018  5781]
 [10821  8503]]
Epoch: 32, loss: 0.5286173836044643, acc: 0.8150085675703278, auc: 0.6751540635824628
[[63588  5211]
 [11091  8233]]
Epoch: 33, loss: 0.5339502323364866, acc: 0.8089602033521328, auc: 0.6724899165900069
[[62990  5809]
 [11026  8298]]
Epoch: 34, loss: 0.6712421366270037, acc: 0.8041373988629529, auc: 0.6671125463506984
[[62688  6111]
 [11149  8175]]
Epoch: 35, loss: 0.6297473252683446, acc: 0.8191391577681195, auc: 0.6648861840985645
[[64646  4153]
 [11785  7539]]
Epoch: 36, loss: 0.5538057483624721, acc: 0.8211023228895975, auc: 0.666236504878122
[[64814  3985]
 [11780  7544]]
Epoch: 37, loss: 0.5489367264768351, acc: 0.8247676543013742, auc: 0.668397852592107
[[65147  3652]
 [11790  7534]]
Epoch: 38, loss: 0.5968935380811277, acc: 0.8166199516584773, auc: 0.6739718208224813
[[63849  4950]
 [11210  8114]]
Epoch: 39, loss: 0.5431463334007539, acc: 0.8158936940412832, auc: 0.6713296773041328
[[63902  4897]
 [11327  7997]]
Epoch: 40, loss: 0.5489610745423082, acc: 0.8232924435164486, auc: 0.6625780341065296
[[65279  3520]
 [12052  7272]]
Epoch: 41, loss: 0.5408114416011865, acc: 0.8219987971358215, auc: 0.6685783073308126
[[64798  4001]
 [11685  7639]]
Epoch: 42, loss: 0.5531798873258673, acc: 0.8189348978132837, auc: 0.67190046109708
[[64244  4555]
 [11401  7923]]
Epoch: 43, loss: 0.5456947188446487, acc: 0.8199788931380003, auc: 0.6700571287602026
[[64471  4328]
 [11536  7788]]
Epoch: 44, loss: 0.5443993070851202, acc: 0.8211363662154034, auc: 0.6720264814387094
[[64507  4292]
 [11470  7854]]
Epoch: 45, loss: 0.5357515767864559, acc: 0.8129205769208947, auc: 0.6774452023082885
[[63209  5590]
 [10896  8428]]
Epoch: 46, loss: 0.5310296244379403, acc: 0.8120921893262826, auc: 0.6783660183271151
[[63058  5741]
 [10818  8506]]
Epoch: 47, loss: 0.5286401285641436, acc: 0.8027870136059826, auc: 0.6842592964335864
[[61601  7198]
 [10181  9143]]
Epoch: 48, loss: 0.5254285186097242, acc: 0.801209672843639, auc: 0.6841794579639531
[[61412  7387]
 [10131  9193]]
Epoch: 49, loss: 0.5379625766173654, acc: 0.7765963482859185, auc: 0.6778126888334417
[[58738 10061]
 [ 9626  9698]]
Epoch: 50, loss: 0.5295765761016071, acc: 0.7819978893138, auc: 0.679225270050015
[[59324  9475]
 [ 9736  9588]]
Epoch: 51, loss: 0.5785360515117646, acc: 0.8032749679425348, auc: 0.6593965128751622
[[62997  5802]
 [11534  7790]]
Epoch: 52, loss: 0.5386087531628816, acc: 0.8055899140973413, auc: 0.6703686690097385
[[62691  6108]
 [11024  8300]]
Epoch: 53, loss: 0.5467967605245286, acc: 0.7889994666545623, auc: 0.664395267734118
[[60979  7820]
 [10774  8550]]
Epoch: 54, loss: 0.5340734628663547, acc: 0.8177206858595373, auc: 0.6741743835880888
[[63973  4826]
 [11237  8087]]
Epoch: 55, loss: 0.5314073132432026, acc: 0.8105261963392077, auc: 0.6751302552563361
[[63040  5759]
 [10938  8386]]
Epoch: 56, loss: 0.5355970617653667, acc: 0.8123645359327304, auc: 0.6772193415695843
[[63153  5646]
 [10889  8435]]
Epoch: 57, loss: 0.8041422979555268, acc: 0.8155759563337608, auc: 0.674903409540045
[[63671  5128]
 [11124  8200]]
Epoch: 58, loss: 0.5329681897508926, acc: 0.8123191448316558, auc: 0.6774879835818354
[[63133  5666]
 [10873  8451]]
Epoch: 59, loss: 0.5349307483521061, acc: 0.8066452571973265, auc: 0.6685512112329933
[[62918  5881]
 [11158  8166]]
Epoch: 60, loss: 0.5272170226643051, acc: 0.7998365920361313, auc: 0.6755781744720414
[[61706  7093]
 [10546  8778]]
Epoch: 61, loss: 0.5251789991406427, acc: 0.772295541459097, auc: 0.6809753183526539
[[58041 10758]
 [ 9308 10016]]
Epoch: 62, loss: 0.5352893076081207, acc: 0.724101539893104, auc: 0.6781694192077817
[[52286 16513]
 [ 7800 11524]]
Epoch: 63, loss: 0.5416829297508019, acc: 0.8064977361188339, auc: 0.671526890201023
[[62740  6059]
 [10993  8331]]
Epoch: 64, loss: 0.5307170600994774, acc: 0.8040125733349976, auc: 0.6757592922559874
[[62208  6591]
 [10680  8644]]
Epoch: 65, loss: 0.5288038594999175, acc: 0.7880349057567264, auc: 0.6789608485106458
[[60078  8721]
 [ 9958  9366]]
Epoch: 66, loss: 0.5271272920180058, acc: 0.8077006002973117, auc: 0.6783445293430187
[[62521  6278]
 [10668  8656]]
Epoch: 67, loss: 0.5239673026230024, acc: 0.7926080591899958, auc: 0.6823548454664715
[[60456  8343]
 [ 9933  9391]]
Epoch: 68, loss: 0.524203158893447, acc: 0.7827922335826061, auc: 0.6854091372294663
[[59089  9710]
 [ 9431  9893]]
Epoch: 69, loss: 0.5230200679405875, acc: 0.791870453797533, auc: 0.682198774094263
[[60374  8425]
 [ 9916  9408]]
Epoch: 70, loss: 0.5241295493167379, acc: 0.7852320052653677, auc: 0.6869716599405522
[[59304  9495]
 [ 9431  9893]]
Epoch: 71, loss: 0.5197789491086766, acc: 0.7840064455363526, auc: 0.6872659715443278
[[59138  9661]
 [ 9373  9951]]
Epoch: 72, loss: 0.5248370373594589, acc: 0.7830872757395912, auc: 0.6815975857468985
[[59330  9469]
 [ 9646  9678]]
Epoch: 73, loss: 0.5264166335264842, acc: 0.8108439340467302, auc: 0.6799854997459156
[[62818  5981]
 [10688  8636]]
Epoch: 74, loss: 0.5239643447641014, acc: 0.8053743063672367, auc: 0.6844463432636012
[[61908  6891]
 [10260  9064]]
Epoch: 75, loss: 0.5178165155908335, acc: 0.7939130533458916, auc: 0.6886238611188191
[[60279  8520]
 [ 9641  9683]]
Epoch: 76, loss: 0.514253436655238, acc: 0.7832801879191584, auc: 0.6924201663217432
[[58772 10027]
 [ 9071 10253]]
Epoch: 77, loss: 0.563870161080706, acc: 0.7664968282968124, auc: 0.6738379112579288
[[57714 11085]
 [ 9492  9832]]
Epoch: 78, loss: 0.5491790979668714, acc: 0.8212611917433588, auc: 0.6719203543347464
[[64528  4271]
 [11480  7844]]
Epoch: 79, loss: 0.5371844663136247, acc: 0.8162000839735369, auc: 0.6761590472335799
[[63680  5119]
 [11078  8246]]
Epoch: 80, loss: 0.5334798985633298, acc: 0.8087105522962224, auc: 0.679884477676608
[[62562  6237]
 [10620  8704]]
Epoch: 81, loss: 0.530027967605038, acc: 0.8062140417371174, auc: 0.6794950730495934
[[62277  6522]
 [10555  8769]]
Epoch: 82, loss: 0.5240150682304217, acc: 0.8017203227307287, auc: 0.6830737576279501
[[61534  7265]
 [10208  9116]]
Epoch: 83, loss: 0.5226138688515926, acc: 0.7971131259716533, auc: 0.6832863254942596
[[60958  7841]
 [10038  9286]]
Epoch: 84, loss: 0.9914049542468527, acc: 0.7990082044415192, auc: 0.6828998028387026
[[61211  7588]
 [10124  9200]]
Epoch: 85, loss: 0.5314741232256959, acc: 0.8067246916242071, auc: 0.6822410243298745
[[62192  6607]
 [10425  8899]]
Epoch: 86, loss: 0.6442743457745814, acc: 0.7942534866039513, auc: 0.6717606499409695
[[61227  7572]
 [10559  8765]]
Epoch: 87, loss: 0.5343740133271702, acc: 0.8169717326918058, auc: 0.6773603069434168
[[63710  5089]
 [11040  8284]]
Epoch: 88, loss: 0.5335373185682988, acc: 0.8217945371809857, auc: 0.6763368648348903
[[64356  4443]
 [11261  8063]]
Epoch: 89, loss: 0.5310399179009424, acc: 0.8201491097670301, auc: 0.6765297402951607
[[64144  4655]
 [11194  8130]]
Epoch: 90, loss: 0.5315887636896492, acc: 0.822214404865926, auc: 0.6762336238393659
[[64413  4386]
 [11281  8043]]
Epoch: 91, loss: 0.5315921659054963, acc: 0.8209548018111049, auc: 0.6775853395337263
[[64186  4613]
 [11165  8159]]
Epoch: 92, loss: 0.5342250790285028, acc: 0.8227023592024784, auc: 0.6743318938775354
[[64575  4224]
 [11400  7924]]
Epoch: 93, loss: 0.5304635950620623, acc: 0.8235647901228964, auc: 0.6760750762959351
[[64587  4212]
 [11336  7988]]
Epoch: 94, loss: 0.5282443328180175, acc: 0.813374487931641, auc: 0.6811968085588898
[[63063  5736]
 [10710  8614]]
Epoch: 95, loss: 0.5301614681879679, acc: 0.7976464714092802, auc: 0.6798878906860005
[[61206  7593]
 [10239  9085]]
Epoch: 96, loss: 0.5519973482774652, acc: 0.7546384031410642, auc: 0.6752491182446043
[[56185 12614]
 [ 9008 10316]]
Epoch: 97, loss: 0.7382650022921355, acc: 0.44021424599707226, auc: 0.5530899651013002
[[24220 44579]
 [ 4751 14573]]
Epoch: 98, loss: 0.6662827154864436, acc: 0.3669757044131498, auc: 0.5555124040848833
[[15115 53684]
 [ 2100 17224]]
Epoch: 99, loss: 1.7975925068924392, acc: 0.4006559014105285, auc: 0.5443155357879869
[[19844 48955]
 [ 3861 15463]]
Epoch: 100, loss: 0.7084558098212532, acc: 0.5222246178636678, auc: 0.5000177341096307
[[37122 31677]
 [10426  8898]]
Epoch: 101, loss: 0.6703148035035618, acc: 0.41839247415544184, auc: 0.5552839652547866
[[21428 47371]
 [ 3882 15442]]
Epoch: 102, loss: 0.6481754840284154, acc: 0.4940367440963199, auc: 0.5978310138393631
[[28411 40388]
 [ 4199 15125]]
Epoch: 103, loss: 0.6690694200819817, acc: 0.47161354016545054, auc: 0.5748925071657552
[[26896 41903]
 [ 4660 14664]]
Epoch: 104, loss: 0.7003276655639428, acc: 0.36658988005401544, auc: 0.5078732462784342
[[17628 51171]
 [ 4647 14677]]
