Epoch: 0, loss: 1037.2930025741673, acc: 0.465383611542957, auc: 0.5399777685857569
[[28009 40790]
 [ 6322 13002]]
Epoch: 1, loss: 0.6755693276723226, acc: 0.819956197587463, auc: 0.6501703041667051
[[65537  3262]
 [12604  6720]]
Epoch: 2, loss: 0.6477624926014223, acc: 0.8217264505293738, auc: 0.6580211731383778
[[65332  3467]
 [12243  7081]]
Epoch: 3, loss: 0.5604550932628521, acc: 0.8232924435164486, auc: 0.6606987258299851
[[65380  3419]
 [12153  7171]]
Epoch: 4, loss: 0.5497897405555283, acc: 0.821386017271314, auc: 0.663850425821268
[[64977  3822]
 [11918  7406]]
Epoch: 5, loss: 0.5460832307304161, acc: 0.8192753310713434, auc: 0.6653269279086276
[[64639  4160]
 [11766  7558]]
Epoch: 6, loss: 0.6309054766012274, acc: 0.8197859809584331, auc: 0.6618767439801037
[[64887  3912]
 [11969  7355]]
Epoch: 7, loss: 0.5495339894640273, acc: 0.8216470161024931, auc: 0.6626220534656877
[[65075  3724]
 [11993  7331]]
Epoch: 8, loss: 0.5444430555122486, acc: 0.8209661495863736, auc: 0.6641955579811002
[[64907  3892]
 [11885  7439]]
Epoch: 9, loss: 0.5419621369113092, acc: 0.8208413240584184, auc: 0.6660693512857733
[[64791  4008]
 [11780  7544]]
test set | acc: 0.8290042553191489, auc: 0.6636132146590176
[[21975   959]
 [ 4064  2377]]
