Epoch: 0, loss: 519.3027899299843, acc: 0.4994496328994701, auc: 0.5561384143187396
[[31315 37484]
 [ 6626 12698]]
Epoch: 1, loss: 92.11031412525453, acc: 0.742677848007898, auc: 0.6273979758861782
[[57291 11508]
 [11168  8156]]
Epoch: 2, loss: 0.6015075245629187, acc: 0.8218966671584036, auc: 0.6564555552132643
[[65437  3362]
 [12333  6991]]
Epoch: 3, loss: 0.810398141629454, acc: 0.8257208674239416, auc: 0.6583651153520153
[[65803  2996]
 [12362  6962]]
Epoch: 4, loss: 0.5718910195689271, acc: 0.827434381489509, auc: 0.6595927641119954
[[65947  2852]
 [12355  6969]]
Epoch: 5, loss: 0.5625115509482398, acc: 0.8266059938948969, auc: 0.6608671133709638
[[65777  3022]
 [12258  7066]]
Epoch: 6, loss: 0.5537036925122358, acc: 0.825936475154046, auc: 0.6620013171305325
[[65634  3165]
 [12174  7150]]
Epoch: 7, loss: 0.9887656754341678, acc: 0.8232357046401053, auc: 0.6630812997355953
[[65245  3554]
 [12023  7301]]
Epoch: 8, loss: 0.746217446828234, acc: 0.8183107701735075, auc: 0.6643556531315447
[[64573  4226]
 [11785  7539]]
Epoch: 9, loss: 0.5447087336277616, acc: 0.8176639469831939, auc: 0.6666580267697216
[[64370  4429]
 [11639  7685]]
Epoch: 10, loss: 0.5429355445979298, acc: 0.8167901682875073, auc: 0.6673078814342666
[[64228  4571]
 [11574  7750]]
Epoch: 11, loss: 0.5442686442015827, acc: 0.8191391577681195, auc: 0.6663375310844109
[[64568  4231]
 [11707  7617]]
Epoch: 12, loss: 0.5428361633549565, acc: 0.8220895793379708, auc: 0.6649336521955881
[[65005  3794]
 [11884  7440]]
Epoch: 13, loss: 0.5373936062273772, acc: 0.8102651975080285, auc: 0.6701810994157502
[[63274  5525]
 [11195  8129]]
Epoch: 14, loss: 0.5345077602759651, acc: 0.804965786457565, auc: 0.6721831884016477
[[62517  6282]
 [10905  8419]]
Epoch: 15, loss: 0.5402661576651144, acc: 0.7940151833233094, auc: 0.6692635478510867
[[61332  7467]
 [10685  8639]]
Epoch: 16, loss: 0.615340467725975, acc: 0.7438580166358385, auc: 0.6542408325454491
[[55993 12806]
 [ 9766  9558]]
Epoch: 17, loss: 0.547079747137816, acc: 0.8230995313368814, auc: 0.6654130008087512
[[65103  3696]
 [11893  7431]]
test set | acc: 0.8285617021276596, auc: 0.6653953548782654
[[21925  1009]
 [ 4027  2414]]
