100%|█████████████████████████████████████████████████████████████████████████████████████████████████████████████████| 345/345 [00:11<00:00, 29.66it/s]
Epoch: 0, loss: 808.5561090144558, auc: 0.5578498123114866, F1: 0.4971121389768484, AP: 0.24259946267123658
[[35449 33350]
 [ 7721 11603]]
100%|█████████████████████████████████████████████████████████████████████████████████████████████████████████████████| 345/345 [00:08<00:00, 42.37it/s]
Epoch: 1, loss: 13.436125301450923, auc: 0.642381862239559, F1: 0.6438809033847606, AP: 0.3189583537367677
[[58452 10347]
 [10915  8409]]
100%|█████████████████████████████████████████████████████████████████████████████████████████████████████████████████| 345/345 [00:09<00:00, 37.25it/s]
Epoch: 2, loss: 1.2936915528947028, auc: 0.6526844382077023, F1: 0.668178801136599, AP: 0.3514183912870543
[[62668  6131]
 [11701  7623]]
100%|█████████████████████████████████████████████████████████████████████████████████████████████████████████████████| 345/345 [00:09<00:00, 37.14it/s]
Epoch: 3, loss: 1.003728692168775, auc: 0.6562502797163345, F1: 0.6730024137606178, AP: 0.3582140816946415
[[63002  5797]
 [11657  7667]]
100%|█████████████████████████████████████████████████████████████████████████████████████████████████████████████████| 345/345 [00:09<00:00, 37.22it/s]
Epoch: 4, loss: 0.6597462055475816, auc: 0.6581733418330693, F1: 0.6773271267696651, AP: 0.3661380970960115
[[63644  5155]
 [11763  7561]]
100%|█████████████████████████████████████████████████████████████████████████████████████████████████████████████████| 345/345 [00:09<00:00, 37.22it/s]
Epoch: 5, loss: 0.6423138266024382, auc: 0.6633134155896955, F1: 0.6804125380487632, AP: 0.3672251685831594
[[63066  5733]
 [11402  7922]]
100%|█████████████████████████████████████████████████████████████████████████████████████████████████████████████████| 345/345 [00:09<00:00, 37.24it/s]
Epoch: 6, loss: 0.608060911513757, auc: 0.6657826814382345, F1: 0.6839426692767085, AP: 0.37259967772409186
[[63331  5468]
 [11381  7943]]
100%|█████████████████████████████████████████████████████████████████████████████████████████████████████████████████| 345/345 [00:09<00:00, 37.25it/s]
Epoch: 7, loss: 0.6601646708405536, auc: 0.6577233729312826, F1: 0.6763970714124097, AP: 0.3644253194944147
[[63518  5281]
 [11745  7579]]
100%|█████████████████████████████████████████████████████████████████████████████████████████████████████████████████| 345/345 [00:09<00:00, 37.29it/s]
Epoch: 8, loss: 0.5417423297529635, auc: 0.6654112565070913, F1: 0.6866461419961674, AP: 0.37991913021797247
[[64113  4686]
 [11615  7709]]
100%|█████████████████████████████████████████████████████████████████████████████████████████████████████████████████| 345/345 [00:09<00:00, 37.29it/s]
Epoch: 9, loss: 0.5544045718683712, auc: 0.6636522610426397, F1: 0.6797643036056621, AP: 0.3654720820990702
[[62810  5989]
 [11317  8007]]
100%|█████████████████████████████████████████████████████████████████████████████████████████████████████████████████| 345/345 [00:09<00:00, 37.23it/s]
Epoch: 10, loss: 0.537736108424007, auc: 0.6687406860948144, F1: 0.6838040588012121, AP: 0.3694615629744731
[[62556  6243]
 [11049  8275]]
100%|█████████████████████████████████████████████████████████████████████████████████████████████████████████████████| 345/345 [00:09<00:00, 37.16it/s]
Epoch: 11, loss: 0.5343010118042213, auc: 0.6725898134004604, F1: 0.6860624253828489, AP: 0.37111465795663473
[[62192  6607]
 [10798  8526]]
100%|█████████████████████████████████████████████████████████████████████████████████████████████████████████████████| 345/345 [00:09<00:00, 37.29it/s]
Epoch: 12, loss: 0.5429723213548245, auc: 0.6732841014983606, F1: 0.6844226856367899, AP: 0.36774739914205246
[[61636  7163]
 [10615  8709]]
100%|█████████████████████████████████████████████████████████████████████████████████████████████████████████████████| 345/345 [00:09<00:00, 37.15it/s]
Epoch: 13, loss: 0.5777033971703571, auc: 0.6680333623695249, F1: 0.6830329246500613, AP: 0.3684652913206234
[[62537  6262]
 [11071  8253]]
100%|█████████████████████████████████████████████████████████████████████████████████████████████████████████████████| 345/345 [00:09<00:00, 37.22it/s]
Epoch: 14, loss: 0.5374941942484482, auc: 0.669606095149921, F1: 0.6832032725951841, AP: 0.3676482145296311
[[62198  6601]
 [10915  8409]]
100%|█████████████████████████████████████████████████████████████████████████████████████████████████████████████████| 345/345 [00:09<00:00, 37.26it/s]
Epoch: 15, loss: 0.5416102408498957, auc: 0.6690662717712127, F1: 0.6643754307135916, AP: 0.34187802801909306
[[57652 11147]
 [ 9659  9665]]
100%|█████████████████████████████████████████████████████████████████████████████████████████████████████████████████| 345/345 [00:09<00:00, 37.30it/s]
Epoch: 16, loss: 0.5365483681360881, auc: 0.6750620259077973, F1: 0.6851120870257168, AP: 0.3681167415998901
[[61400  7399]
 [10480  8844]]
100%|█████████████████████████████████████████████████████████████████████████████████████████████████████████████████| 345/345 [00:09<00:00, 37.01it/s]
Epoch: 17, loss: 0.5284539678822393, auc: 0.6803097785123813, F1: 0.6845522551290744, AP: 0.36583055069327264
[[60139  8660]
 [ 9923  9401]]
100%|████████████████████████████████████████████████████████████████████████████████████████████████████████████████| 345/345 [00:01<00:00, 178.08it/s]
test set | auc: 0.6785037024695193, F1: 0.6904415483428259, AP: 0.37573339810633544
[[20632  2302]
 [ 3495  2946]]