Epoch: 0, loss: 148.68312622908223, auc: 0.5911878368309312, F1: 0.5477915634947302, AP: 0.26101455042586985
[[42443 26356]
 [ 8397 10927]]
Epoch: 1, loss: 48.11822778262155, auc: 0.6162243055226541, F1: 0.5658491536899859, AP: 0.2759293712032139
[[42819 25980]
 [ 7535 11789]]
Epoch: 2, loss: 16.581260424128846, auc: 0.6454183958232148, F1: 0.6313057928578554, AP: 0.30994665648565817
[[54156 14643]
 [ 9591  9733]]
Epoch: 3, loss: 8.326925985730453, auc: 0.6482810129787206, F1: 0.6454538996177879, AP: 0.3209766811624965
[[57391 11408]
 [10389  8935]]
Epoch: 4, loss: 9.284474611282349, auc: 0.6542944786595847, F1: 0.6500393935525934, AP: 0.3260459929948491
[[57218 11581]
 [10108  9216]]
Epoch: 5, loss: 8.143880072701185, auc: 0.6503684512691414, F1: 0.64708988946669, AP: 0.32276206053234185
[[57340 11459]
 [10294  9030]]
Epoch: 6, loss: 5.150068570423677, auc: 0.6609162351321525, F1: 0.6639504425015132, AP: 0.341016597004956
[[59361  9438]
 [10454  8870]]
Epoch: 7, loss: 7.884739056832529, auc: 0.6601410754476164, F1: 0.6656774563632497, AP: 0.3433278684387103
[[60002  8797]
 [10664  8660]]
Epoch: 8, loss: 14.733909511152719, auc: 0.6602489235357093, F1: 0.6564086567650733, AP: 0.3328640690060878
[[57546 11253]
 [ 9970  9354]]
Epoch: 9, loss: 14.218643967126836, auc: 0.659291778053378, F1: 0.6522873979427601, AP: 0.32899394180409886
[[56688 12111]
 [ 9766  9558]]
Epoch: 10, loss: 2.7247305360832654, auc: 0.664603939692516, F1: 0.685620938809023, AP: 0.37838963429457684
[[64066  4733]
 [11633  7691]]
Epoch: 11, loss: 1.0517747171352365, auc: 0.6640697467450603, F1: 0.6859303471871051, AP: 0.3801099699408909
[[64288  4511]
 [11716  7608]]
Epoch: 12, loss: 0.7000486998888799, auc: 0.6640575791315197, F1: 0.6875663905804578, AP: 0.3849794201926017
[[64710  4089]
 [11835  7489]]
Epoch: 13, loss: 0.6008322807405725, auc: 0.6648745351120161, F1: 0.6883181721916617, AP: 0.3856878749556708
[[64680  4119]
 [11795  7529]]
Epoch: 14, loss: 0.6287909146678241, auc: 0.6667879663367923, F1: 0.6892052253119817, AP: 0.3848232358289543
[[64395  4404]
 [11641  7683]]
Epoch: 15, loss: 0.6146378346605798, auc: 0.6687163467307525, F1: 0.6892178131050035, AP: 0.3818822412686318
[[63902  4897]
 [11428  7896]]
Epoch: 16, loss: 0.5984258501860448, auc: 0.6719731489829576, F1: 0.6877611604716501, AP: 0.37494901188756646
[[62748  6051]
 [10978  8346]]
Epoch: 17, loss: 0.6115691825489088, auc: 0.6741794487572899, F1: 0.6879561155211916, AP: 0.3736882050784287
[[62279  6520]
 [10761  8563]]
Epoch: 18, loss: 0.6048493523129149, auc: 0.6704589623827438, F1: 0.690949682984444, AP: 0.3839575656279357
[[63889  4910]
 [11357  7967]]
Epoch: 19, loss: 0.6016427779817857, auc: 0.6719453127416138, F1: 0.6892640595282717, AP: 0.37820913625276065
[[63118  5681]
 [11083  8241]]
Epoch: 20, loss: 0.5816614641619555, auc: 0.6737231367352369, F1: 0.6886816199586485, AP: 0.3754396085385466
[[62558  6241]
 [10857  8467]]
Epoch: 21, loss: 0.5791223354077752, auc: 0.676726603805194, F1: 0.6875038061449605, AP: 0.37144596287176634
[[61597  7202]
 [10471  8853]]
Epoch: 22, loss: 0.5779185372625473, auc: 0.6741990806129695, F1: 0.6910352237855133, AP: 0.37996617363906915
[[63008  5791]
 [10965  8359]]
Epoch: 23, loss: 0.5873071615062008, auc: 0.6769661714904903, F1: 0.6897632940164619, AP: 0.37536293041987845
[[62075  6724]
 [10596  8728]]
Epoch: 24, loss: 0.5688878239234748, auc: 0.6795252327699485, F1: 0.6893432647604543, AP: 0.3733686094890985
[[61416  7383]
 [10312  9012]]
Epoch: 25, loss: 0.5604889640918357, auc: 0.6782204748195817, F1: 0.6880010349824668, AP: 0.37164738852341145
[[61386  7413]
 [10354  8970]]
Epoch: 26, loss: 0.5485080347929386, auc: 0.6802457008124029, F1: 0.6896394721506698, AP: 0.3735808805047422
[[61330  7469]
 [10260  9064]]
Epoch: 27, loss: 0.5502402897859584, auc: 0.6792293212827617, F1: 0.6908586973412648, AP: 0.37612425062226046
[[61831  6968]
 [10440  8884]]
Epoch: 28, loss: 0.542467902506018, auc: 0.6829268673450298, F1: 0.6892137096994183, AP: 0.3720973605885344
[[60670  8129]
 [ 9971  9353]]
Epoch: 29, loss: 0.5376587690990096, auc: 0.6820931009299516, F1: 0.6925403165397865, AP: 0.37773100355295874
[[61602  7197]
 [10265  9059]]
test set | auc: 0.6752472283418826, F1: 0.694688544143909, AP: 0.38723919216497993
[[21209  1725]
 [ 3699  2742]]
