Epoch: 0, loss: 290.80281817101053, acc: 0.5177535944078163, auc: 0.5004849756596129
[[36549 32250]
 [10247  9077]]
Epoch: 1, loss: 0.693249786072883, acc: 0.6169218024806237, auc: 0.4989831710437777
[[48782 20017]
 [13741  5583]]
Epoch: 2, loss: 0.6932622648667598, acc: 0.6104081794764137, auc: 0.49899817662634033
[[47983 20816]
 [13516  5808]]
Epoch: 3, loss: 0.6932681735011115, acc: 0.6071854113001146, auc: 0.4990553925790605
[[47585 21214]
 [13402  5922]]
Epoch: 4, loss: 0.6932714540025462, acc: 0.6036449054162931, auc: 0.4986486190250181
[[47173 21626]
 [13302  6022]]
Epoch: 5, loss: 0.6932734508445297, acc: 0.5998320529260238, auc: 0.49784414017946477
[[46749 22050]
 [13214  6110]]
Epoch: 6, loss: 0.6932747260383938, acc: 0.598266059938949, auc: 0.4979390323710766
[[46552 22247]
 [13155  6169]]
Epoch: 7, loss: 0.6932755610217218, acc: 0.598266059938949, auc: 0.4979390323710766
[[46552 22247]
 [13155  6169]]
Epoch: 8, loss: 0.6932761254517928, acc: 0.598266059938949, auc: 0.4979390323710766
[[46552 22247]
 [13155  6169]]
Epoch: 9, loss: 0.6932765055393827, acc: 0.598266059938949, auc: 0.4979390323710766
[[46552 22247]
 [13155  6169]]
Epoch: 10, loss: 0.6932767669359843, acc: 0.598266059938949, auc: 0.4979390323710766
[[46552 22247]
 [13155  6169]]
