Epoch: 0, loss: 130.74190984502692, auc: 0.5931463934931708, F1: 0.5349648022260605, AP: 0.2609882803975134
[[39081 29718]
 [ 7377 11947]]
Epoch: 1, loss: 38.31761530644632, auc: 0.6247875013341013, F1: 0.5943696293186325, AP: 0.2857823018591855
[[48469 20330]
 [ 8791 10533]]
Epoch: 2, loss: 19.398461382168566, auc: 0.644916633798728, F1: 0.6270276214399884, AP: 0.3074171913584083
[[53115 15684]
 [ 9318 10006]]
Epoch: 3, loss: 17.947748742351642, auc: 0.6438636152841792, F1: 0.6244126889096893, AP: 0.30567650450095823
[[52639 16160]
 [ 9225 10099]]
Epoch: 4, loss: 7.530592472222499, auc: 0.6539873570819336, F1: 0.6392902220007173, AP: 0.3179127988910123
[[54445 14354]
 [ 9341  9983]]
Epoch: 5, loss: 3.786470601324401, auc: 0.6611675687677353, F1: 0.6594194770467721, AP: 0.3359449778191301
[[58121 10678]
 [10096  9228]]
Epoch: 6, loss: 17.155544660684, auc: 0.6618704711885158, F1: 0.6547301875550356, AP: 0.33165124609485225
[[56758 12041]
 [ 9686  9638]]
Epoch: 7, loss: 14.266870403565424, auc: 0.6611025185011135, F1: 0.660793677128128, AP: 0.33738767135583714
[[58493 10306]
 [10203  9121]]
Epoch: 8, loss: 3.0016175811690404, auc: 0.6692001098788193, F1: 0.673756036725657, AP: 0.3526748319691618
[[59949  8850]
 [10299  9025]]
Epoch: 9, loss: 0.8631906933178103, auc: 0.6642914434242608, F1: 0.6812157297762619, AP: 0.3680019223207709
[[63019  5780]
 [11351  7973]]
Epoch: 10, loss: 0.7420614761424202, auc: 0.6653503909848786, F1: 0.683382778755068, AP: 0.37178434520668335
[[63300  5499]
 [11389  7935]]
Epoch: 11, loss: 0.6627417210209576, auc: 0.667167744208829, F1: 0.6850246468449446, AP: 0.37356515111485455
[[63251  5548]
 [11305  8019]]
Epoch: 12, loss: 0.6848557915301682, auc: 0.6656693349261944, F1: 0.6855354596536568, AP: 0.3766226797013216
[[63764  5035]
 [11507  7817]]
Epoch: 13, loss: 0.6816301452631206, auc: 0.666541593317616, F1: 0.6878452879652386, AP: 0.38142704693184215
[[64119  4680]
 [11573  7751]]
Epoch: 14, loss: 0.6575708489197527, auc: 0.6666514910917906, F1: 0.6839960952365005, AP: 0.3717770207841139
[[63123  5676]
 [11289  8035]]
Epoch: 15, loss: 0.6034114205768343, auc: 0.6702679000484552, F1: 0.6870879877738083, AP: 0.3750342427674348
[[62994  5805]
 [11113  8211]]
Epoch: 16, loss: 0.5983118091015457, auc: 0.672592389987496, F1: 0.6863462767378001, AP: 0.3716545490556549
[[62260  6539]
 [10817  8507]]
Epoch: 17, loss: 0.6225905065247089, auc: 0.6709273938789211, F1: 0.6868440334014767, AP: 0.3739181564309328
[[62775  6024]
 [11026  8298]]
Epoch: 18, loss: 0.5818065277413825, auc: 0.6715519366127607, F1: 0.6890464625696506, AP: 0.3781132394865844
[[63160  5639]
 [11110  8214]]
Epoch: 19, loss: 1.9084076543763884, auc: 0.6623314602557264, F1: 0.6843585985484264, AP: 0.378618928357629
[[64355  4444]
 [11802  7522]]
Epoch: 20, loss: 0.5642846185347937, auc: 0.6633442218073669, F1: 0.6881825176788032, AP: 0.3884908348306142
[[65064  3735]
 [11962  7362]]
Epoch: 21, loss: 0.5548415714605696, auc: 0.6646677394625834, F1: 0.6906545637981274, AP: 0.3938435378816693
[[65328  3471]
 [11985  7339]]
Epoch: 22, loss: 0.5520936329929815, auc: 0.6658491582111512, F1: 0.6905682172397403, AP: 0.3908023441234256
[[64985  3814]
 [11843  7481]]
Epoch: 23, loss: 0.5545691296544378, auc: 0.6631715532431466, F1: 0.6878480509239008, AP: 0.3877661365023413
[[65026  3773]
 [11958  7366]]
Epoch: 24, loss: 0.5509547691124712, auc: 0.6666315331667835, F1: 0.6891972224418156, AP: 0.38507013177560556
[[64434  4365]
 [11658  7666]]
Epoch: 25, loss: 0.5478552667736318, auc: 0.6691794599497041, F1: 0.6897784746008646, AP: 0.38269130544581265
[[63923  4876]
 [11416  7908]]
Epoch: 26, loss: 0.5458472744922418, auc: 0.6704378833358637, F1: 0.6899206310441062, AP: 0.38140197185230307
[[63644  5155]
 [11289  8035]]
Epoch: 27, loss: 0.5440003691036577, auc: 0.6711775815707441, F1: 0.6879780894746773, AP: 0.3761164807756199
[[62991  5808]
 [11077  8247]]
Epoch: 28, loss: 0.5427863685726431, auc: 0.6718186210807817, F1: 0.6886832636155447, AP: 0.37705188463279726
[[63008  5791]
 [11057  8267]]
Epoch: 29, loss: 0.5423372918470747, auc: 0.6715189994737428, F1: 0.6896126395219732, AP: 0.379432595408566
[[63305  5494]
 [11152  8172]]
test set | auc: 0.6668726742069584, F1: 0.6873265259007485, AP: 0.3795405384177325
[[21302  1632]
 [ 3833  2608]]
